<?xml version="1.0" encoding="UTF-8"?>
<!-- Generated by org.testng.reporters.JUnitReportReporter -->
<testsuite hostname="DESKTOP-185OOST" failures="0" tests="4" name="org.automation.testing.testcase.TC_002_DDF_Register" time="1.640" errors="1" timestamp="2022-01-22T15:51:00 IST" skipped="3">
  <testcase classname="org.automation.testing.testcase.TC_002_DDF_Register" name="initiateDriverInstanse" time="1.640">
    <error message="session not created: This version of ChromeDriver only supports Chrome version 91
Current browser version is 97.0.4692.71 with binary path C:\Program Files (x86)\Google\Chrome\Application\chrome.exe
Build info: version: &#039;3.141.59&#039;, revision: &#039;e82be7d358&#039;, time: &#039;2018-11-14T08:17:03&#039;
System info: host: &#039;DESKTOP-185OOST&#039;, ip: &#039;192.168.252.2&#039;, os.name: &#039;Windows 10&#039;, os.arch: &#039;amd64&#039;, os.version: &#039;10.0&#039;, java.version: &#039;16.0.1&#039;
Driver info: driver.version: ChromeDriver
remote stacktrace: Backtrace:
	Ordinal0 [0x005A3733+2504499]
	Ordinal0 [0x0053C401+2081793]
	Ordinal0 [0x00442628+1058344]
	Ordinal0 [0x0046071A+1181466]
	Ordinal0 [0x0045C58C+1164684]
	Ordinal0 [0x00459DC3+1154499]
	Ordinal0 [0x00489B82+1350530]
	Ordinal0 [0x004897DA+1349594]
	Ordinal0 [0x00485D4B+1334603]
	Ordinal0 [0x004622B4+1188532]
	Ordinal0 [0x00463149+1192265]
	GetHandleVerifier [0x0071FB8C+1512252]
	GetHandleVerifier [0x007CB0DF+2214031]
	GetHandleVerifier [0x00624BC3+484211]
	GetHandleVerifier [0x00623E69+480793]
	Ordinal0 [0x0054218D+2105741]
	Ordinal0 [0x005466E8+2123496]
	Ordinal0 [0x00546827+2123815]
	Ordinal0 [0x0054FB73+2161523]
	BaseThreadInitThunk [0x76F6FA29+25]
	RtlGetAppContainerNamedObjectPath [0x77A57A9E+286]
	RtlGetAppContainerNamedObjectPath [0x77A57A6E+238]
" type="org.openqa.selenium.SessionNotCreatedException">
      <![CDATA[org.openqa.selenium.SessionNotCreatedException: session not created: This version of ChromeDriver only supports Chrome version 91
Current browser version is 97.0.4692.71 with binary path C:\Program Files (x86)\Google\Chrome\Application\chrome.exe
Build info: version: '3.141.59', revision: 'e82be7d358', time: '2018-11-14T08:17:03'
System info: host: 'DESKTOP-185OOST', ip: '192.168.252.2', os.name: 'Windows 10', os.arch: 'amd64', os.version: '10.0', java.version: '16.0.1'
Driver info: driver.version: ChromeDriver
remote stacktrace: Backtrace:
Ordinal0 [0x005A3733+2504499]
Ordinal0 [0x0053C401+2081793]
Ordinal0 [0x00442628+1058344]
Ordinal0 [0x0046071A+1181466]
Ordinal0 [0x0045C58C+1164684]
Ordinal0 [0x00459DC3+1154499]
Ordinal0 [0x00489B82+1350530]
Ordinal0 [0x004897DA+1349594]
Ordinal0 [0x00485D4B+1334603]
Ordinal0 [0x004622B4+1188532]
Ordinal0 [0x00463149+1192265]
GetHandleVerifier [0x0071FB8C+1512252]
GetHandleVerifier [0x007CB0DF+2214031]
GetHandleVerifier [0x00624BC3+484211]
GetHandleVerifier [0x00623E69+480793]
Ordinal0 [0x0054218D+2105741]
Ordinal0 [0x005466E8+2123496]
Ordinal0 [0x00546827+2123815]
Ordinal0 [0x0054FB73+2161523]
BaseThreadInitThunk [0x76F6FA29+25]
RtlGetAppContainerNamedObjectPath [0x77A57A9E+286]
RtlGetAppContainerNamedObjectPath [0x77A57A6E+238]

at java.base/jdk.internal.reflect.NativeConstructorAccessorImpl.newInstance0(Native Method)
at java.base/jdk.internal.reflect.NativeConstructorAccessorImpl.newInstance(NativeConstructorAccessorImpl.java:78)
at java.base/jdk.internal.reflect.DelegatingConstructorAccessorImpl.newInstance(DelegatingConstructorAccessorImpl.java:45)
at java.base/java.lang.reflect.Constructor.newInstanceWithCaller(Constructor.java:499)
at java.base/java.lang.reflect.Constructor.newInstance(Constructor.java:480)
at org.openqa.selenium.remote.W3CHandshakeResponse.lambda$errorHandler$0(W3CHandshakeResponse.java:62)
at org.openqa.selenium.remote.HandshakeResponse.lambda$getResponseFunction$0(HandshakeResponse.java:30)
at org.openqa.selenium.remote.ProtocolHandshake.lambda$createSession$0(ProtocolHandshake.java:126)
at java.base/java.util.stream.ReferencePipeline$3$1.accept(ReferencePipeline.java:197)
at java.base/java.util.Spliterators$ArraySpliterator.tryAdvance(Spliterators.java:958)
at java.base/java.util.stream.ReferencePipeline.forEachWithCancel(ReferencePipeline.java:129)
at java.base/java.util.stream.AbstractPipeline.copyIntoWithCancel(AbstractPipeline.java:502)
at java.base/java.util.stream.AbstractPipeline.copyInto(AbstractPipeline.java:488)
at java.base/java.util.stream.AbstractPipeline.wrapAndCopyInto(AbstractPipeline.java:474)
at java.base/java.util.stream.FindOps$FindOp.evaluateSequential(FindOps.java:150)
at java.base/java.util.stream.AbstractPipeline.evaluate(AbstractPipeline.java:234)
at java.base/java.util.stream.ReferencePipeline.findFirst(ReferencePipeline.java:647)
at org.openqa.selenium.remote.ProtocolHandshake.createSession(ProtocolHandshake.java:128)
at org.openqa.selenium.remote.ProtocolHandshake.createSession(ProtocolHandshake.java:74)
at org.openqa.selenium.remote.HttpCommandExecutor.execute(HttpCommandExecutor.java:136)
at org.openqa.selenium.remote.service.DriverCommandExecutor.execute(DriverCommandExecutor.java:83)
at org.openqa.selenium.remote.RemoteWebDriver.execute(RemoteWebDriver.java:552)
at org.openqa.selenium.remote.RemoteWebDriver.startSession(RemoteWebDriver.java:213)
at org.openqa.selenium.remote.RemoteWebDriver.<init>(RemoteWebDriver.java:131)
at org.openqa.selenium.chrome.ChromeDriver.<init>(ChromeDriver.java:181)
at org.openqa.selenium.chrome.ChromeDriver.<init>(ChromeDriver.java:168)
at org.openqa.selenium.chrome.ChromeDriver.<init>(ChromeDriver.java:123)
at org.automation.testing.base.DriverInstance.initiateDriverInstanse(DriverInstance.java:27)
at java.base/jdk.internal.reflect.NativeMethodAccessorImpl.invoke0(Native Method)
at java.base/jdk.internal.reflect.NativeMethodAccessorImpl.invoke(NativeMethodAccessorImpl.java:78)
at java.base/jdk.internal.reflect.DelegatingMethodAccessorImpl.invoke(DelegatingMethodAccessorImpl.java:43)
at java.base/java.lang.reflect.Method.invoke(Method.java:567)
at org.testng.internal.MethodInvocationHelper.invokeMethod(MethodInvocationHelper.java:134)
at org.testng.internal.MethodInvocationHelper.invokeMethodConsideringTimeout(MethodInvocationHelper.java:63)
at org.testng.internal.ConfigInvoker.invokeConfigurationMethod(ConfigInvoker.java:348)
at org.testng.internal.ConfigInvoker.invokeConfigurations(ConfigInvoker.java:302)
at org.testng.internal.TestInvoker.runConfigMethods(TestInvoker.java:695)
at org.testng.internal.TestInvoker.invokeMethod(TestInvoker.java:523)
at org.testng.internal.TestInvoker.invokeTestMethod(TestInvoker.java:173)
at org.testng.internal.MethodRunner.runInSequence(MethodRunner.java:46)
at org.testng.internal.TestInvoker$MethodInvocationAgent.invoke(TestInvoker.java:816)
at org.testng.internal.TestInvoker.invokeTestMethods(TestInvoker.java:146)
at org.testng.internal.TestMethodWorker.invokeTestMethods(TestMethodWorker.java:146)
at org.testng.internal.TestMethodWorker.run(TestMethodWorker.java:128)
at java.base/java.util.ArrayList.forEach(ArrayList.java:1511)
at org.testng.TestRunner.privateRun(TestRunner.java:766)
at org.testng.TestRunner.run(TestRunner.java:587)
at org.testng.SuiteRunner.runTest(SuiteRunner.java:384)
at org.testng.SuiteRunner.runSequentially(SuiteRunner.java:378)
at org.testng.SuiteRunner.privateRun(SuiteRunner.java:337)
at org.testng.SuiteRunner.run(SuiteRunner.java:286)
at org.testng.SuiteRunnerWorker.runSuite(SuiteRunnerWorker.java:53)
at org.testng.SuiteRunnerWorker.run(SuiteRunnerWorker.java:96)
at org.testng.TestNG.runSuitesSequentially(TestNG.java:1187)
at org.testng.TestNG.runSuitesLocally(TestNG.java:1109)
at org.testng.TestNG.runSuites(TestNG.java:1039)
at org.testng.TestNG.run(TestNG.java:1007)
at org.testng.remote.AbstractRemoteTestNG.run(AbstractRemoteTestNG.java:115)
at org.testng.remote.RemoteTestNG.initAndRun(RemoteTestNG.java:251)
at org.testng.remote.RemoteTestNG.main(RemoteTestNG.java:77)
]]>
    </error>
  </testcase> <!-- initiateDriverInstanse -->
  <system-out/>
  <testcase classname="org.automation.testing.testcase.TC_002_DDF_Register" name="register" time="0.000">
    <skipped/>
  </testcase> <!-- register -->
  <system-out/>
  <testcase classname="org.automation.testing.testcase.TC_002_DDF_Register" name="register" time="0.000">
    <skipped/>
  </testcase> <!-- register -->
  <system-out/>
  <testcase classname="org.automation.testing.testcase.TC_002_DDF_Register" name="register" time="0.000">
    <skipped/>
  </testcase> <!-- register -->
  <system-out/>
</testsuite> <!-- org.automation.testing.testcase.TC_002_DDF_Register -->
